This is pdfTeX, Version 3.14159265-2.6-1.40.16 (TeX Live 2016/dev) (preloaded format=pdflatex 2016.11.9)  31 AUG 2017 20:52
entering extended mode
 restricted \write18 enabled.
 %&-line parsing enabled.
**report-model.tex
(./report-model.tex
LaTeX2e <2015/01/01> patch level 2
Babel <3.9m> and hyphenation patterns for 3 languages loaded.

! LaTeX Error: File `IEEEtran.cls' not found.

Type X to quit or <RETURN> to proceed,
or enter new name. (Default extension: cls)

Enter file name: 
! Emergency stop.
<read *> 
         
l.2 \IEEEoverridecommandlockouts
                                ^^M
End of file on the terminal!

 
Here is how much of TeX's memory you used:
 11 strings out of 494968
 242 string characters out of 6180529
 45436 words of memory out of 5000000
 3350 multiletter control sequences out of 15000+600000
 3640 words of font info for 14 fonts, out of 8000000 for 9000
 34 hyphenation exceptions out of 8191
 10i,0n,7p,65b,8s stack positions out of 5000i,500n,10000p,200000b,80000s
!  ==> Fatal error occurred, no output PDF file produced!
